<?xml version="1.0" encoding="UTF-8"?>
<!-- Generated by org.testng.reporters.JUnitReportReporter -->
<testsuite hostname="LTIN518477" failures="0" tests="4" name="testCases.TC_001" time="552.191" errors="0" timestamp="2024-03-28T14:07:00 IST" skipped="0">
  <testcase classname="testCases.TC_001" name="firstPage" time="33.003"/>
  <testcase classname="testCases.TC_001" name="firstPage" time="25.808"/>
  <testcase classname="testCases.TC_001" name="secondPage" time="237.505"/>
  <testcase classname="testCases.TC_001" name="secondPage" time="255.875"/>
</testsuite> <!-- testCases.TC_001 -->
